[0m15:09:56.234974 [debug] [MainThread]: Sending event: {'category': 'dbt', 'action': 'invocation', 'label': 'start', 'context': [<snowplow_tracker.self_describing_json.SelfDescribingJson object at 0x1063a1be0>, <snowplow_tracker.self_describing_json.SelfDescribingJson object at 0x1070fbb10>, <snowplow_tracker.self_describing_json.SelfDescribingJson object at 0x1070fbc50>]}


============================== 15:09:56.237282 | a5ab805c-aaed-4e61-ba33-b43cdfd07111 ==============================
[0m15:09:56.237282 [info ] [MainThread]: Running with dbt=1.9.4
[0m15:09:56.237514 [debug] [MainThread]: running dbt with arguments {'printer_width': '80', 'indirect_selection': 'eager', 'log_cache_events': 'False', 'write_json': 'True', 'partial_parse': 'True', 'cache_selected_only': 'False', 'profiles_dir': '/Users/georgio/.dbt', 'fail_fast': 'False', 'warn_error': 'None', 'log_path': 'logs', 'version_check': 'True', 'debug': 'False', 'use_colors': 'True', 'use_experimental_parser': 'False', 'empty': 'None', 'quiet': 'False', 'no_print': 'None', 'warn_error_options': 'WarnErrorOptions(include=[], exclude=[])', 'static_parser': 'True', 'invocation_command': 'dbt debug', 'introspect': 'True', 'target_path': 'None', 'log_format': 'default', 'send_anonymous_usage_stats': 'True'}
[0m15:09:56.246899 [info ] [MainThread]: dbt version: 1.9.4
[0m15:09:56.247077 [info ] [MainThread]: python version: 3.13.2
[0m15:09:56.247184 [info ] [MainThread]: python path: /Users/georgio/Projects/nba-duckdb-dbt/.venv/bin/python
[0m15:09:56.247281 [info ] [MainThread]: os info: macOS-15.4.1-arm64-arm-64bit-Mach-O
[0m15:09:56.281252 [info ] [MainThread]: Using profiles dir at /Users/georgio/.dbt
[0m15:09:56.281453 [info ] [MainThread]: Using profiles.yml file at /Users/georgio/.dbt/profiles.yml
[0m15:09:56.281561 [info ] [MainThread]: Using dbt_project.yml file at /Users/georgio/Projects/nba-duckdb-dbt/dbt_project.yml
[0m15:09:56.282800 [info ] [MainThread]: adapter type: duckdb
[0m15:09:56.282921 [info ] [MainThread]: adapter version: 1.9.3
[0m15:09:56.283024 [info ] [MainThread]: Configuration:
[0m15:09:56.283109 [info ] [MainThread]:   profiles.yml file [[32mOK found and valid[0m]
[0m15:09:56.283195 [info ] [MainThread]:   dbt_project.yml file [[31mERROR not found[0m]
[0m15:09:56.283277 [info ] [MainThread]: Required dependencies:
[0m15:09:56.283387 [debug] [MainThread]: Executing "git --help"
[0m15:09:56.288755 [debug] [MainThread]: STDOUT: "b"usage: git [-v | --version] [-h | --help] [-C <path>] [-c <name>=<value>]\n           [--exec-path[=<path>]] [--html-path] [--man-path] [--info-path]\n           [-p | --paginate | -P | --no-pager] [--no-replace-objects] [--no-lazy-fetch]\n           [--no-optional-locks] [--no-advice] [--bare] [--git-dir=<path>]\n           [--work-tree=<path>] [--namespace=<name>] [--config-env=<name>=<envvar>]\n           <command> [<args>]\n\nThese are common Git commands used in various situations:\n\nstart a working area (see also: git help tutorial)\n   clone     Clone a repository into a new directory\n   init      Create an empty Git repository or reinitialize an existing one\n\nwork on the current change (see also: git help everyday)\n   add       Add file contents to the index\n   mv        Move or rename a file, a directory, or a symlink\n   restore   Restore working tree files\n   rm        Remove files from the working tree and from the index\n\nexamine the history and state (see also: git help revisions)\n   bisect    Use binary search to find the commit that introduced a bug\n   diff      Show changes between commits, commit and working tree, etc\n   grep      Print lines matching a pattern\n   log       Show commit logs\n   show      Show various types of objects\n   status    Show the working tree status\n\ngrow, mark and tweak your common history\n   branch    List, create, or delete branches\n   commit    Record changes to the repository\n   merge     Join two or more development histories together\n   rebase    Reapply commits on top of another base tip\n   reset     Reset current HEAD to the specified state\n   switch    Switch branches\n   tag       Create, list, delete or verify a tag object signed with GPG\n\ncollaborate (see also: git help workflows)\n   fetch     Download objects and refs from another repository\n   pull      Fetch from and integrate with another repository or a local branch\n   push      Update remote refs along with associated objects\n\n'git help -a' and 'git help -g' list available subcommands and some\nconcept guides. See 'git help <command>' or 'git help <concept>'\nto read about a specific subcommand or concept.\nSee 'git help git' for an overview of the system.\n""
[0m15:09:56.289124 [debug] [MainThread]: STDERR: "b''"
[0m15:09:56.289269 [info ] [MainThread]:  - git [[32mOK found[0m]

[0m15:09:56.289384 [info ] [MainThread]: Connection:
[0m15:09:56.289494 [info ] [MainThread]:   database: dev
[0m15:09:56.289590 [info ] [MainThread]:   schema: main
[0m15:09:56.289675 [info ] [MainThread]:   path: dev.duckdb
[0m15:09:56.289759 [info ] [MainThread]:   config_options: None
[0m15:09:56.289838 [info ] [MainThread]:   extensions: None
[0m15:09:56.289922 [info ] [MainThread]:   settings: {}
[0m15:09:56.290001 [info ] [MainThread]:   external_root: .
[0m15:09:56.290080 [info ] [MainThread]:   use_credential_provider: None
[0m15:09:56.290163 [info ] [MainThread]:   attach: None
[0m15:09:56.290240 [info ] [MainThread]:   filesystems: None
[0m15:09:56.290320 [info ] [MainThread]:   remote: None
[0m15:09:56.290397 [info ] [MainThread]:   plugins: None
[0m15:09:56.290474 [info ] [MainThread]:   disable_transactions: False
[0m15:09:56.290694 [info ] [MainThread]: Registered adapter: duckdb=1.9.3
[0m15:09:56.320356 [debug] [MainThread]: Acquiring new duckdb connection 'debug'
[0m15:09:56.357014 [debug] [MainThread]: Using duckdb connection "debug"
[0m15:09:56.357170 [debug] [MainThread]: On debug: select 1 as id
[0m15:09:56.357267 [debug] [MainThread]: Opening a new connection, currently in state init
[0m15:09:56.363428 [debug] [MainThread]: SQL status: OK in 0.006 seconds
[0m15:09:56.363815 [debug] [MainThread]: On debug: Close
[0m15:09:56.363957 [info ] [MainThread]:   Connection test: [[32mOK connection ok[0m]

[0m15:09:56.364100 [info ] [MainThread]: [31m1 check failed:[0m
[0m15:09:56.364231 [info ] [MainThread]: Project loading failed for the following reason:
 project path </Users/georgio/Projects/nba-duckdb-dbt/dbt_project.yml> not found

[0m15:09:56.364501 [debug] [MainThread]: Resource report: {"command_name": "debug", "command_success": false, "command_wall_clock_time": 0.15370117, "process_in_blocks": "0", "process_kernel_time": 0.103697, "process_mem_max_rss": "126844928", "process_out_blocks": "0", "process_user_time": 0.461225}
[0m15:09:56.364683 [debug] [MainThread]: Command `dbt debug` failed at 15:09:56.364642 after 0.15 seconds
[0m15:09:56.364812 [debug] [MainThread]: Connection 'debug' was properly closed.
[0m15:09:56.364935 [debug] [MainThread]: Sending event: {'category': 'dbt', 'action': 'invocation', 'label': 'end', 'context': [<snowplow_tracker.self_describing_json.SelfDescribingJson object at 0x1072baea0>, <snowplow_tracker.self_describing_json.SelfDescribingJson object at 0x1072d6d50>, <snowplow_tracker.self_describing_json.SelfDescribingJson object at 0x10718e9c0>]}
[0m15:09:56.365076 [debug] [MainThread]: Flushing usage events
[0m15:09:56.770984 [debug] [MainThread]: An error was encountered while trying to flush usage events
[0m15:11:39.090662 [debug] [MainThread]: Sending event: {'category': 'dbt', 'action': 'invocation', 'label': 'start', 'context': [<snowplow_tracker.self_describing_json.SelfDescribingJson object at 0x104669be0>, <snowplow_tracker.self_describing_json.SelfDescribingJson object at 0x1057bfb10>, <snowplow_tracker.self_describing_json.SelfDescribingJson object at 0x1057bfc50>]}


============================== 15:11:39.092734 | 05853ebc-2c73-4e6f-b107-4d947d2e5bc7 ==============================
[0m15:11:39.092734 [info ] [MainThread]: Running with dbt=1.9.4
[0m15:11:39.092966 [debug] [MainThread]: running dbt with arguments {'printer_width': '80', 'indirect_selection': 'eager', 'write_json': 'True', 'log_cache_events': 'False', 'partial_parse': 'True', 'cache_selected_only': 'False', 'warn_error': 'None', 'debug': 'False', 'fail_fast': 'False', 'log_path': 'logs', 'version_check': 'True', 'profiles_dir': '/Users/georgio/.dbt', 'use_colors': 'True', 'use_experimental_parser': 'False', 'no_print': 'None', 'quiet': 'False', 'empty': 'None', 'warn_error_options': 'WarnErrorOptions(include=[], exclude=[])', 'invocation_command': 'dbt debug --project-dir src/transform', 'log_format': 'default', 'introspect': 'True', 'target_path': 'None', 'static_parser': 'True', 'send_anonymous_usage_stats': 'True'}
[0m15:11:39.097908 [info ] [MainThread]: dbt version: 1.9.4
[0m15:11:39.098049 [info ] [MainThread]: python version: 3.13.2
[0m15:11:39.098190 [info ] [MainThread]: python path: /Users/georgio/Projects/nba-duckdb-dbt/.venv/bin/python
[0m15:11:39.098382 [info ] [MainThread]: os info: macOS-15.4.1-arm64-arm-64bit-Mach-O
[0m15:11:39.131540 [info ] [MainThread]: Using profiles dir at /Users/georgio/.dbt
[0m15:11:39.131738 [info ] [MainThread]: Using profiles.yml file at /Users/georgio/.dbt/profiles.yml
[0m15:11:39.131849 [info ] [MainThread]: Using dbt_project.yml file at src/transform/dbt_project.yml
[0m15:11:39.133307 [info ] [MainThread]: adapter type: duckdb
[0m15:11:39.133448 [info ] [MainThread]: adapter version: 1.9.3
[0m15:11:39.133552 [info ] [MainThread]: Configuration:
[0m15:11:39.133641 [info ] [MainThread]:   profiles.yml file [[32mOK found and valid[0m]
[0m15:11:39.133729 [info ] [MainThread]:   dbt_project.yml file [[31mERROR not found[0m]
[0m15:11:39.133811 [info ] [MainThread]: Required dependencies:
[0m15:11:39.133917 [debug] [MainThread]: Executing "git --help"
[0m15:11:39.138975 [debug] [MainThread]: STDOUT: "b"usage: git [-v | --version] [-h | --help] [-C <path>] [-c <name>=<value>]\n           [--exec-path[=<path>]] [--html-path] [--man-path] [--info-path]\n           [-p | --paginate | -P | --no-pager] [--no-replace-objects] [--no-lazy-fetch]\n           [--no-optional-locks] [--no-advice] [--bare] [--git-dir=<path>]\n           [--work-tree=<path>] [--namespace=<name>] [--config-env=<name>=<envvar>]\n           <command> [<args>]\n\nThese are common Git commands used in various situations:\n\nstart a working area (see also: git help tutorial)\n   clone     Clone a repository into a new directory\n   init      Create an empty Git repository or reinitialize an existing one\n\nwork on the current change (see also: git help everyday)\n   add       Add file contents to the index\n   mv        Move or rename a file, a directory, or a symlink\n   restore   Restore working tree files\n   rm        Remove files from the working tree and from the index\n\nexamine the history and state (see also: git help revisions)\n   bisect    Use binary search to find the commit that introduced a bug\n   diff      Show changes between commits, commit and working tree, etc\n   grep      Print lines matching a pattern\n   log       Show commit logs\n   show      Show various types of objects\n   status    Show the working tree status\n\ngrow, mark and tweak your common history\n   branch    List, create, or delete branches\n   commit    Record changes to the repository\n   merge     Join two or more development histories together\n   rebase    Reapply commits on top of another base tip\n   reset     Reset current HEAD to the specified state\n   switch    Switch branches\n   tag       Create, list, delete or verify a tag object signed with GPG\n\ncollaborate (see also: git help workflows)\n   fetch     Download objects and refs from another repository\n   pull      Fetch from and integrate with another repository or a local branch\n   push      Update remote refs along with associated objects\n\n'git help -a' and 'git help -g' list available subcommands and some\nconcept guides. See 'git help <command>' or 'git help <concept>'\nto read about a specific subcommand or concept.\nSee 'git help git' for an overview of the system.\n""
[0m15:11:39.139331 [debug] [MainThread]: STDERR: "b''"
[0m15:11:39.139469 [info ] [MainThread]:  - git [[32mOK found[0m]

[0m15:11:39.139581 [info ] [MainThread]: Connection:
[0m15:11:39.139694 [info ] [MainThread]:   database: dev
[0m15:11:39.139781 [info ] [MainThread]:   schema: main
[0m15:11:39.139866 [info ] [MainThread]:   path: dev.duckdb
[0m15:11:39.139945 [info ] [MainThread]:   config_options: None
[0m15:11:39.140024 [info ] [MainThread]:   extensions: None
[0m15:11:39.140108 [info ] [MainThread]:   settings: {}
[0m15:11:39.140187 [info ] [MainThread]:   external_root: .
[0m15:11:39.140266 [info ] [MainThread]:   use_credential_provider: None
[0m15:11:39.140347 [info ] [MainThread]:   attach: None
[0m15:11:39.140424 [info ] [MainThread]:   filesystems: None
[0m15:11:39.140502 [info ] [MainThread]:   remote: None
[0m15:11:39.140576 [info ] [MainThread]:   plugins: None
[0m15:11:39.140652 [info ] [MainThread]:   disable_transactions: False
[0m15:11:39.140875 [info ] [MainThread]: Registered adapter: duckdb=1.9.3
[0m15:11:39.170472 [debug] [MainThread]: Acquiring new duckdb connection 'debug'
[0m15:11:39.187996 [debug] [MainThread]: Using duckdb connection "debug"
[0m15:11:39.188146 [debug] [MainThread]: On debug: select 1 as id
[0m15:11:39.188244 [debug] [MainThread]: Opening a new connection, currently in state init
[0m15:11:39.194053 [debug] [MainThread]: SQL status: OK in 0.006 seconds
[0m15:11:39.194410 [debug] [MainThread]: On debug: Close
[0m15:11:39.194527 [info ] [MainThread]:   Connection test: [[32mOK connection ok[0m]

[0m15:11:39.194641 [info ] [MainThread]: [31m1 check failed:[0m
[0m15:11:39.194728 [info ] [MainThread]: Project loading failed for the following reason:
 project path <src/transform/dbt_project.yml> not found

[0m15:11:39.194946 [debug] [MainThread]: Resource report: {"command_name": "debug", "command_success": false, "command_wall_clock_time": 0.12632333, "process_in_blocks": "0", "process_kernel_time": 0.079202, "process_mem_max_rss": "126222336", "process_out_blocks": "0", "process_user_time": 0.450599}
[0m15:11:39.195092 [debug] [MainThread]: Command `dbt debug` failed at 15:11:39.195056 after 0.13 seconds
[0m15:11:39.195202 [debug] [MainThread]: Connection 'debug' was properly closed.
[0m15:11:39.195311 [debug] [MainThread]: Sending event: {'category': 'dbt', 'action': 'invocation', 'label': 'end', 'context': [<snowplow_tracker.self_describing_json.SelfDescribingJson object at 0x106386d70>, <snowplow_tracker.self_describing_json.SelfDescribingJson object at 0x10639ed50>, <snowplow_tracker.self_describing_json.SelfDescribingJson object at 0x10606a9c0>]}
[0m15:11:39.195449 [debug] [MainThread]: Flushing usage events
[0m15:11:39.589880 [debug] [MainThread]: An error was encountered while trying to flush usage events
[0m07:01:18.206280 [debug] [MainThread]: Sending event: {'category': 'dbt', 'action': 'invocation', 'label': 'start', 'context': [<snowplow_tracker.self_describing_json.SelfDescribingJson object at 0x108861be0>, <snowplow_tracker.self_describing_json.SelfDescribingJson object at 0x1095bfb10>, <snowplow_tracker.self_describing_json.SelfDescribingJson object at 0x1095bfc50>]}


============================== 07:01:18.208809 | 754a8228-e496-478a-b13a-74dcb9b91f8d ==============================
[0m07:01:18.208809 [info ] [MainThread]: Running with dbt=1.9.4
[0m07:01:18.209073 [debug] [MainThread]: running dbt with arguments {'printer_width': '80', 'indirect_selection': 'eager', 'write_json': 'True', 'log_cache_events': 'False', 'partial_parse': 'True', 'cache_selected_only': 'False', 'warn_error': 'None', 'fail_fast': 'False', 'profiles_dir': '/Users/georgio/.dbt', 'log_path': 'logs', 'debug': 'False', 'version_check': 'True', 'use_colors': 'True', 'use_experimental_parser': 'False', 'empty': 'False', 'quiet': 'False', 'no_print': 'None', 'warn_error_options': 'WarnErrorOptions(include=[], exclude=[])', 'introspect': 'True', 'log_format': 'default', 'invocation_command': 'dbt compile', 'target_path': 'None', 'static_parser': 'True', 'send_anonymous_usage_stats': 'True'}
[0m07:01:18.209283 [error] [MainThread]: Encountered an error:
Runtime Error
  No dbt_project.yml found at expected path /Users/georgio/Projects/nba-duckdb-dbt/dbt_project.yml
  Verify that each entry within packages.yml (and their transitive dependencies) contains a file named dbt_project.yml
  
[0m07:01:18.209522 [debug] [MainThread]: Resource report: {"command_name": "compile", "command_success": false, "command_wall_clock_time": 0.027644042, "process_in_blocks": "0", "process_kernel_time": 0.074334, "process_mem_max_rss": "100040704", "process_out_blocks": "0", "process_user_time": 0.391434}
[0m07:01:18.209668 [debug] [MainThread]: Command `dbt compile` failed at 07:01:18.209634 after 0.03 seconds
[0m07:01:18.209788 [debug] [MainThread]: Sending event: {'category': 'dbt', 'action': 'invocation', 'label': 'end', 'context': [<snowplow_tracker.self_describing_json.SelfDescribingJson object at 0x1094a3a80>, <snowplow_tracker.self_describing_json.SelfDescribingJson object at 0x109604dd0>, <snowplow_tracker.self_describing_json.SelfDescribingJson object at 0x10946e8b0>]}
[0m07:01:18.209894 [debug] [MainThread]: Flushing usage events
[0m07:01:18.617910 [debug] [MainThread]: An error was encountered while trying to flush usage events
