[0m14:23:07.920417 [debug] [MainThread]: Sending event: {'category': 'dbt', 'action': 'invocation', 'label': 'start', 'context': [<snowplow_tracker.self_describing_json.SelfDescribingJson object at 0x1076f2e40>, <snowplow_tracker.self_describing_json.SelfDescribingJson object at 0x1088c7d90>, <snowplow_tracker.self_describing_json.SelfDescribingJson object at 0x1088c7ed0>]}


============================== 14:23:07.935496 | b7969fec-46d9-4721-9db3-e9e24e7aa13d ==============================
[0m14:23:07.935496 [info ] [MainThread]: Running with dbt=1.9.4
[0m14:23:07.935763 [debug] [MainThread]: running dbt with arguments {'printer_width': '80', 'indirect_selection': 'eager', 'write_json': 'True', 'log_cache_events': 'False', 'partial_parse': 'True', 'cache_selected_only': 'False', 'warn_error': 'None', 'fail_fast': 'False', 'version_check': 'True', 'log_path': 'logs', 'debug': 'False', 'profiles_dir': '/Users/georgio/.dbt', 'use_colors': 'True', 'use_experimental_parser': 'False', 'no_print': 'None', 'quiet': 'False', 'empty': 'None', 'log_format': 'default', 'static_parser': 'True', 'warn_error_options': 'WarnErrorOptions(include=[], exclude=[])', 'introspect': 'True', 'target_path': 'None', 'invocation_command': 'dbt init nba_analytics', 'send_anonymous_usage_stats': 'True'}
[0m14:23:07.957100 [warn ] [MainThread]: [ConfigFolderDirectory]: Unable to parse logging event dictionary. Failed to parse dir field: expected string or bytes-like object, got 'PosixPath'.. Dictionary: {'dir': PosixPath('/Users/georgio/.dbt')}
[0m14:23:07.957277 [info ] [MainThread]: Creating dbt configuration folder at 
[0m14:23:07.958037 [debug] [MainThread]: Starter project path: /Users/georgio/Projects/nba-duckdb-dbt/.venv/lib/python3.13/site-packages/dbt/include/starter_project
[0m14:23:07.960418 [info ] [MainThread]: 
Your new dbt project "nba_analytics" was created!

For more information on how to configure the profiles.yml file,
please consult the dbt documentation here:

  https://docs.getdbt.com/docs/configure-your-profile

One more thing:

Need help? Don't hesitate to reach out to us via GitHub issues or on Slack:

  https://community.getdbt.com/

Happy modeling!

[0m14:23:07.960528 [info ] [MainThread]: Setting up your profile.
[0m14:23:16.986758 [info ] [MainThread]: Profile nba_analytics written to /Users/georgio/.dbt/profiles.yml using target's sample configuration. Once updated, you'll be able to start developing with dbt.
[0m14:23:16.987118 [debug] [MainThread]: Resource report: {"command_name": "init", "command_success": true, "command_wall_clock_time": 9.089126, "process_in_blocks": "0", "process_kernel_time": 0.246474, "process_mem_max_rss": "149061632", "process_out_blocks": "0", "process_user_time": 1.130769}
[0m14:23:16.987298 [debug] [MainThread]: Command `dbt init` succeeded at 14:23:16.987255 after 9.09 seconds
[0m14:23:16.987448 [debug] [MainThread]: Sending event: {'category': 'dbt', 'action': 'invocation', 'label': 'end', 'context': [<snowplow_tracker.self_describing_json.SelfDescribingJson object at 0x1088fb490>, <snowplow_tracker.self_describing_json.SelfDescribingJson object at 0x108ce43b0>, <snowplow_tracker.self_describing_json.SelfDescribingJson object at 0x108b5d6a0>]}
[0m14:23:16.987627 [debug] [MainThread]: Flushing usage events
[0m14:23:17.407037 [debug] [MainThread]: An error was encountered while trying to flush usage events
